LinearDistanceMeasurement/PhysicaloidLibrary/build/outputs/logs/manifest-merger-release-report.txt
-- Merging decision tree log ---
manifest
ADDED from LinearDistanceMeasurement\PhysicaloidLibrary\AndroidManifest.xml:1:1-11:12
INJECTED from LinearDistanceMeasurement\PhysicaloidLibrary\AndroidManifest.xml:1:1-11:12
INJECTED from LinearDistanceMeasurement\PhysicaloidLibrary\AndroidManifest.xml:1:1-11:12
INJECTED from LinearDistanceMeasurement\PhysicaloidLibrary\AndroidManifest.xml:1:1-11:12
INJECTED from LinearDistanceMeasurement\PhysicaloidLibrary\AndroidManifest.xml:1:1-11:12
INJECTED from LinearDistanceMeasurement\PhysicaloidLibrary\AndroidManifest.xml:1:1-11:12
INJECTED from LinearDistanceMeasurement\PhysicaloidLibrary\AndroidManifest.xml:1:1-11:12
	package
		ADDED from LinearDistanceMeasurement\PhysicaloidLibrary\AndroidManifest.xml:2:5-30
		INJECTED from LinearDistanceMeasurement\PhysicaloidLibrary\AndroidManifest.xml
		INJECTED from LinearDistanceMeasurement\PhysicaloidLibrary\AndroidManifest.xml
	android:versionName
		ADDED from LinearDistanceMeasurement\PhysicaloidLibrary\AndroidManifest.xml:4:5-30
		INJECTED from LinearDistanceMeasurement\PhysicaloidLibrary\AndroidManifest.xml
		INJECTED from LinearDistanceMeasurement\PhysicaloidLibrary\AndroidManifest.xml
	xmlns:android
		ADDED from LinearDistanceMeasurement\PhysicaloidLibrary\AndroidManifest.xml:1:11-69
	android:versionCode
		ADDED from LinearDistanceMeasurement\PhysicaloidLibrary\AndroidManifest.xml:3:5-28
		INJECTED from LinearDistanceMeasurement\PhysicaloidLibrary\AndroidManifest.xml
		INJECTED from LinearDistanceMeasurement\PhysicaloidLibrary\AndroidManifest.xml
uses-sdk
ADDED from LinearDistanceMeasurement\PhysicaloidLibrary\AndroidManifest.xml:6:5-7:41
INJECTED from LinearDistanceMeasurement\PhysicaloidLibrary\AndroidManifest.xml:6:5-7:41
INJECTED from LinearDistanceMeasurement\PhysicaloidLibrary\AndroidManifest.xml:6:5-7:41
INJECTED from LinearDistanceMeasurement\PhysicaloidLibrary\AndroidManifest.xml:6:5-7:41
INJECTED from LinearDistanceMeasurement\PhysicaloidLibrary\AndroidManifest.xml:6:5-7:41
	android:targetSdkVersion
		ADDED from LinearDistanceMeasurement\PhysicaloidLibrary\AndroidManifest.xml:7:9-38
		INJECTED from LinearDistanceMeasurement\PhysicaloidLibrary\AndroidManifest.xml
		INJECTED from LinearDistanceMeasurement\PhysicaloidLibrary\AndroidManifest.xml
	android:minSdkVersion
		INJECTED from LinearDistanceMeasurement\PhysicaloidLibrary\AndroidManifest.xml
		ADDED from LinearDistanceMeasurement\PhysicaloidLibrary\AndroidManifest.xml:6:5-7:41
		INJECTED from LinearDistanceMeasurement\PhysicaloidLibrary\AndroidManifest.xml